{"D:\\hacktiv8\\Fase 3\\C-ART\\c-art_api\\services\\app\\app.js": {"path":"D:\\hacktiv8\\Fase 3\\C-ART\\c-art_api\\services\\app\\app.js","statementMap":{"0":{"start":{"line":1,"column":0},"end":{"line":3,"column":1}},"1":{"start":{"line":2,"column":2},"end":{"line":2,"column":29}},"2":{"start":{"line":5,"column":16},"end":{"line":5,"column":34}},"3":{"start":{"line":6,"column":12},"end":{"line":6,"column":21}},"4":{"start":{"line":7,"column":13},"end":{"line":7,"column":28}},"5":{"start":{"line":8,"column":13},"end":{"line":8,"column":37}},"6":{"start":{"line":9,"column":16},"end":{"line":9,"column":35}},"7":{"start":{"line":10,"column":19},"end":{"line":10,"column":56}},"8":{"start":{"line":13,"column":0},"end":{"line":13,"column":15}},"9":{"start":{"line":17,"column":0},"end":{"line":17,"column":46}},"10":{"start":{"line":18,"column":0},"end":{"line":18,"column":23}},"11":{"start":{"line":19,"column":0},"end":{"line":19,"column":16}},"12":{"start":{"line":20,"column":0},"end":{"line":20,"column":19}},"13":{"start":{"line":22,"column":0},"end":{"line":22,"column":20}}},"fnMap":{},"branchMap":{"0":{"loc":{"start":{"line":1,"column":0},"end":{"line":3,"column":1}},"type":"if","locations":[{"start":{"line":1,"column":0},"end":{"line":3,"column":1}},{"start":{},"end":{}}],"line":1},"1":{"loc":{"start":{"line":8,"column":13},"end":{"line":8,"column":37}},"type":"binary-expr","locations":[{"start":{"line":8,"column":13},"end":{"line":8,"column":29}},{"start":{"line":8,"column":33},"end":{"line":8,"column":37}}],"line":8}},"s":{"0":4,"1":4,"2":4,"3":4,"4":4,"5":4,"6":4,"7":4,"8":4,"9":4,"10":4,"11":4,"12":4,"13":4},"f":{},"b":{"0":[4,0],"1":[4,4]},"_coverageSchema":"1a1c01bbd47fc00a2c39e90264f33305004495a9","hash":"5d230f4c56f4284c094960c9920b344b5e751846"}
,"D:\\hacktiv8\\Fase 3\\C-ART\\c-art_api\\services\\app\\config\\cloudinary.js": {"path":"D:\\hacktiv8\\Fase 3\\C-ART\\c-art_api\\services\\app\\config\\cloudinary.js","statementMap":{"0":{"start":{"line":1,"column":19},"end":{"line":1,"column":43}},"1":{"start":{"line":3,"column":0},"end":{"line":7,"column":3}},"2":{"start":{"line":9,"column":0},"end":{"line":9,"column":27}}},"fnMap":{},"branchMap":{},"s":{"0":4,"1":4,"2":4},"f":{},"b":{},"_coverageSchema":"1a1c01bbd47fc00a2c39e90264f33305004495a9","hash":"39dc73b84a86f8c9c08ed0e28fc12b0155423c0e"}
,"D:\\hacktiv8\\Fase 3\\C-ART\\c-art_api\\services\\app\\controllers\\category.js": {"path":"D:\\hacktiv8\\Fase 3\\C-ART\\c-art_api\\services\\app\\controllers\\category.js","statementMap":{"0":{"start":{"line":1,"column":21},"end":{"line":1,"column":41}},"1":{"start":{"line":5,"column":4},"end":{"line":15,"column":5}},"2":{"start":{"line":6,"column":25},"end":{"line":11,"column":8}},"3":{"start":{"line":12,"column":6},"end":{"line":12,"column":39}},"4":{"start":{"line":14,"column":6},"end":{"line":14,"column":18}},"5":{"start":{"line":19,"column":0},"end":{"line":19,"column":36}}},"fnMap":{"0":{"name":"(anonymous_0)","decl":{"start":{"line":4,"column":2},"end":{"line":4,"column":3}},"loc":{"start":{"line":4,"column":38},"end":{"line":16,"column":3}},"line":4}},"branchMap":{},"s":{"0":4,"1":2,"2":2,"3":1,"4":1,"5":4},"f":{"0":2},"b":{},"_coverageSchema":"1a1c01bbd47fc00a2c39e90264f33305004495a9","hash":"d51b45bd6056d498d3140df83ddcffc57698ffa8"}
,"D:\\hacktiv8\\Fase 3\\C-ART\\c-art_api\\services\\app\\controllers\\chat.js": {"path":"D:\\hacktiv8\\Fase 3\\C-ART\\c-art_api\\services\\app\\controllers\\chat.js","statementMap":{"0":{"start":{"line":1,"column":15},"end":{"line":1,"column":35}},"1":{"start":{"line":2,"column":28},"end":{"line":2,"column":48}},"2":{"start":{"line":6,"column":4},"end":{"line":13,"column":5}},"3":{"start":{"line":7,"column":22},"end":{"line":7,"column":32}},"4":{"start":{"line":8,"column":20},"end":{"line":8,"column":56}},"5":{"start":{"line":9,"column":6},"end":{"line":9,"column":34}},"6":{"start":{"line":11,"column":6},"end":{"line":11,"column":24}},"7":{"start":{"line":12,"column":6},"end":{"line":12,"column":18}},"8":{"start":{"line":17,"column":4},"end":{"line":39,"column":5}},"9":{"start":{"line":18,"column":6},"end":{"line":18,"column":27}},"10":{"start":{"line":19,"column":28},"end":{"line":19,"column":44}},"11":{"start":{"line":20,"column":26},"end":{"line":20,"column":48}},"12":{"start":{"line":21,"column":21},"end":{"line":21,"column":29}},"13":{"start":{"line":22,"column":22},"end":{"line":28,"column":7}},"14":{"start":{"line":29,"column":6},"end":{"line":29,"column":26}},"15":{"start":{"line":30,"column":20},"end":{"line":33,"column":8}},"16":{"start":{"line":34,"column":6},"end":{"line":34,"column":40}},"17":{"start":{"line":35,"column":6},"end":{"line":35,"column":33}},"18":{"start":{"line":37,"column":6},"end":{"line":37,"column":24}},"19":{"start":{"line":38,"column":6},"end":{"line":38,"column":17}},"20":{"start":{"line":43,"column":0},"end":{"line":43,"column":32}}},"fnMap":{"0":{"name":"(anonymous_0)","decl":{"start":{"line":5,"column":2},"end":{"line":5,"column":3}},"loc":{"start":{"line":5,"column":47},"end":{"line":14,"column":3}},"line":5},"1":{"name":"(anonymous_1)","decl":{"start":{"line":16,"column":2},"end":{"line":16,"column":3}},"loc":{"start":{"line":16,"column":44},"end":{"line":40,"column":3}},"line":16}},"branchMap":{},"s":{"0":4,"1":4,"2":0,"3":0,"4":0,"5":0,"6":0,"7":0,"8":0,"9":0,"10":0,"11":0,"12":0,"13":0,"14":0,"15":0,"16":0,"17":0,"18":0,"19":0,"20":4},"f":{"0":0,"1":0},"b":{},"_coverageSchema":"1a1c01bbd47fc00a2c39e90264f33305004495a9","hash":"3d35af42cd4aa7002b148122b9ffb9ec73a1dc35"}
,"D:\\hacktiv8\\Fase 3\\C-ART\\c-art_api\\services\\app\\controllers\\community.js": {"path":"D:\\hacktiv8\\Fase 3\\C-ART\\c-art_api\\services\\app\\controllers\\community.js","statementMap":{"0":{"start":{"line":1,"column":22},"end":{"line":1,"column":42}},"1":{"start":{"line":5,"column":8},"end":{"line":15,"column":9}},"2":{"start":{"line":6,"column":32},"end":{"line":10,"column":14}},"3":{"start":{"line":11,"column":12},"end":{"line":11,"column":45}},"4":{"start":{"line":14,"column":12},"end":{"line":14,"column":23}},"5":{"start":{"line":19,"column":8},"end":{"line":32,"column":9}},"6":{"start":{"line":20,"column":27},"end":{"line":20,"column":37}},"7":{"start":{"line":21,"column":30},"end":{"line":26,"column":14}},"8":{"start":{"line":28,"column":12},"end":{"line":28,"column":55}},"9":{"start":{"line":28,"column":28},"end":{"line":28,"column":55}},"10":{"start":{"line":29,"column":12},"end":{"line":29,"column":43}},"11":{"start":{"line":31,"column":12},"end":{"line":31,"column":23}},"12":{"start":{"line":36,"column":0},"end":{"line":36,"column":36}}},"fnMap":{"0":{"name":"(anonymous_0)","decl":{"start":{"line":4,"column":4},"end":{"line":4,"column":5}},"loc":{"start":{"line":4,"column":52},"end":{"line":16,"column":5}},"line":4},"1":{"name":"(anonymous_1)","decl":{"start":{"line":18,"column":4},"end":{"line":18,"column":5}},"loc":{"start":{"line":18,"column":50},"end":{"line":33,"column":5}},"line":18}},"branchMap":{"0":{"loc":{"start":{"line":28,"column":12},"end":{"line":28,"column":55}},"type":"if","locations":[{"start":{"line":28,"column":12},"end":{"line":28,"column":55}},{"start":{},"end":{}}],"line":28}},"s":{"0":4,"1":2,"2":2,"3":1,"4":1,"5":2,"6":2,"7":2,"8":2,"9":1,"10":1,"11":1,"12":4},"f":{"0":2,"1":2},"b":{"0":[1,1]},"_coverageSchema":"1a1c01bbd47fc00a2c39e90264f33305004495a9","hash":"371a2b226947e61075ec6a5430ba3beeaa8cf0ec"}
,"D:\\hacktiv8\\Fase 3\\C-ART\\c-art_api\\services\\app\\controllers\\controllerArt.js": {"path":"D:\\hacktiv8\\Fase 3\\C-ART\\c-art_api\\services\\app\\controllers\\controllerArt.js","statementMap":{"0":{"start":{"line":1,"column":46},"end":{"line":1,"column":66}},"1":{"start":{"line":2,"column":15},"end":{"line":2,"column":35}},"2":{"start":{"line":6,"column":14},"end":{"line":6,"column":43}},"3":{"start":{"line":7,"column":4},"end":{"line":38,"column":5}},"4":{"start":{"line":8,"column":23},"end":{"line":8,"column":34}},"5":{"start":{"line":9,"column":53},"end":{"line":9,"column":61}},"6":{"start":{"line":12,"column":16},"end":{"line":20,"column":8}},"7":{"start":{"line":22,"column":21},"end":{"line":22,"column":39}},"8":{"start":{"line":23,"column":30},"end":{"line":27,"column":8}},"9":{"start":{"line":24,"column":8},"end":{"line":24,"column":36}},"10":{"start":{"line":25,"column":8},"end":{"line":25,"column":37}},"11":{"start":{"line":26,"column":8},"end":{"line":26,"column":18}},"12":{"start":{"line":29,"column":24},"end":{"line":29,"column":67}},"13":{"start":{"line":31,"column":6},"end":{"line":31,"column":23}},"14":{"start":{"line":32,"column":6},"end":{"line":32,"column":44}},"15":{"start":{"line":33,"column":6},"end":{"line":33,"column":36}},"16":{"start":{"line":35,"column":6},"end":{"line":35,"column":24}},"17":{"start":{"line":36,"column":6},"end":{"line":36,"column":25}},"18":{"start":{"line":37,"column":6},"end":{"line":37,"column":18}},"19":{"start":{"line":42,"column":4},"end":{"line":69,"column":5}},"20":{"start":{"line":43,"column":33},"end":{"line":43,"column":42}},"21":{"start":{"line":44,"column":19},"end":{"line":52,"column":7}},"22":{"start":{"line":53,"column":18},"end":{"line":53,"column":20}},"23":{"start":{"line":54,"column":6},"end":{"line":56,"column":7}},"24":{"start":{"line":55,"column":8},"end":{"line":55,"column":34}},"25":{"start":{"line":57,"column":6},"end":{"line":59,"column":7}},"26":{"start":{"line":58,"column":8},"end":{"line":58,"column":51}},"27":{"start":{"line":60,"column":6},"end":{"line":62,"column":7}},"28":{"start":{"line":61,"column":8},"end":{"line":61,"column":29}},"29":{"start":{"line":64,"column":17},"end":{"line":64,"column":42}},"30":{"start":{"line":66,"column":6},"end":{"line":66,"column":33}},"31":{"start":{"line":68,"column":6},"end":{"line":68,"column":17}},"32":{"start":{"line":73,"column":4},"end":{"line":96,"column":5}},"33":{"start":{"line":74,"column":19},"end":{"line":74,"column":29}},"34":{"start":{"line":75,"column":16},"end":{"line":88,"column":8}},"35":{"start":{"line":89,"column":6},"end":{"line":91,"column":7}},"36":{"start":{"line":90,"column":8},"end":{"line":90,"column":36}},"37":{"start":{"line":93,"column":6},"end":{"line":93,"column":32}},"38":{"start":{"line":95,"column":6},"end":{"line":95,"column":18}},"39":{"start":{"line":100,"column":4},"end":{"line":112,"column":5}},"40":{"start":{"line":101,"column":21},"end":{"line":101,"column":31}},"41":{"start":{"line":102,"column":26},"end":{"line":102,"column":42}},"42":{"start":{"line":103,"column":6},"end":{"line":103,"column":52}},"43":{"start":{"line":103,"column":24},"end":{"line":103,"column":52}},"44":{"start":{"line":106,"column":6},"end":{"line":106,"column":66}},"45":{"start":{"line":107,"column":6},"end":{"line":109,"column":9}},"46":{"start":{"line":111,"column":6},"end":{"line":111,"column":18}},"47":{"start":{"line":116,"column":4},"end":{"line":125,"column":22}},"48":{"start":{"line":117,"column":21},"end":{"line":117,"column":31}},"49":{"start":{"line":118,"column":27},"end":{"line":118,"column":43}},"50":{"start":{"line":119,"column":6},"end":{"line":119,"column":53}},"51":{"start":{"line":119,"column":25},"end":{"line":119,"column":53}},"52":{"start":{"line":121,"column":6},"end":{"line":121,"column":64}},"53":{"start":{"line":122,"column":6},"end":{"line":124,"column":9}},"54":{"start":{"line":129,"column":4},"end":{"line":145,"column":5}},"55":{"start":{"line":130,"column":21},"end":{"line":130,"column":31}},"56":{"start":{"line":131,"column":24},"end":{"line":131,"column":32}},"57":{"start":{"line":132,"column":26},"end":{"line":132,"column":42}},"58":{"start":{"line":133,"column":6},"end":{"line":133,"column":52}},"59":{"start":{"line":133,"column":24},"end":{"line":133,"column":52}},"60":{"start":{"line":134,"column":6},"end":{"line":134,"column":64}},"61":{"start":{"line":134,"column":32},"end":{"line":134,"column":64}},"62":{"start":{"line":136,"column":25},"end":{"line":141,"column":7}},"63":{"start":{"line":142,"column":6},"end":{"line":142,"column":43}},"64":{"start":{"line":144,"column":6},"end":{"line":144,"column":18}},"65":{"start":{"line":149,"column":0},"end":{"line":149,"column":31}}},"fnMap":{"0":{"name":"(anonymous_0)","decl":{"start":{"line":5,"column":2},"end":{"line":5,"column":3}},"loc":{"start":{"line":5,"column":41},"end":{"line":39,"column":3}},"line":5},"1":{"name":"(anonymous_1)","decl":{"start":{"line":23,"column":43},"end":{"line":23,"column":44}},"loc":{"start":{"line":23,"column":51},"end":{"line":27,"column":7}},"line":23},"2":{"name":"(anonymous_2)","decl":{"start":{"line":41,"column":2},"end":{"line":41,"column":3}},"loc":{"start":{"line":41,"column":39},"end":{"line":70,"column":3}},"line":41},"3":{"name":"(anonymous_3)","decl":{"start":{"line":72,"column":2},"end":{"line":72,"column":3}},"loc":{"start":{"line":72,"column":41},"end":{"line":97,"column":3}},"line":72},"4":{"name":"(anonymous_4)","decl":{"start":{"line":99,"column":2},"end":{"line":99,"column":3}},"loc":{"start":{"line":99,"column":41},"end":{"line":113,"column":3}},"line":99},"5":{"name":"(anonymous_5)","decl":{"start":{"line":115,"column":2},"end":{"line":115,"column":3}},"loc":{"start":{"line":115,"column":48},"end":{"line":126,"column":3}},"line":115},"6":{"name":"(anonymous_6)","decl":{"start":{"line":128,"column":2},"end":{"line":128,"column":3}},"loc":{"start":{"line":128,"column":41},"end":{"line":146,"column":3}},"line":128}},"branchMap":{"0":{"loc":{"start":{"line":54,"column":6},"end":{"line":56,"column":7}},"type":"if","locations":[{"start":{"line":54,"column":6},"end":{"line":56,"column":7}},{"start":{},"end":{}}],"line":54},"1":{"loc":{"start":{"line":57,"column":6},"end":{"line":59,"column":7}},"type":"if","locations":[{"start":{"line":57,"column":6},"end":{"line":59,"column":7}},{"start":{},"end":{}}],"line":57},"2":{"loc":{"start":{"line":60,"column":6},"end":{"line":62,"column":7}},"type":"if","locations":[{"start":{"line":60,"column":6},"end":{"line":62,"column":7}},{"start":{},"end":{}}],"line":60},"3":{"loc":{"start":{"line":89,"column":6},"end":{"line":91,"column":7}},"type":"if","locations":[{"start":{"line":89,"column":6},"end":{"line":91,"column":7}},{"start":{},"end":{}}],"line":89},"4":{"loc":{"start":{"line":103,"column":6},"end":{"line":103,"column":52}},"type":"if","locations":[{"start":{"line":103,"column":6},"end":{"line":103,"column":52}},{"start":{},"end":{}}],"line":103},"5":{"loc":{"start":{"line":119,"column":6},"end":{"line":119,"column":53}},"type":"if","locations":[{"start":{"line":119,"column":6},"end":{"line":119,"column":53}},{"start":{},"end":{}}],"line":119},"6":{"loc":{"start":{"line":133,"column":6},"end":{"line":133,"column":52}},"type":"if","locations":[{"start":{"line":133,"column":6},"end":{"line":133,"column":52}},{"start":{},"end":{}}],"line":133},"7":{"loc":{"start":{"line":134,"column":6},"end":{"line":134,"column":64}},"type":"if","locations":[{"start":{"line":134,"column":6},"end":{"line":134,"column":64}},{"start":{},"end":{}}],"line":134},"8":{"loc":{"start":{"line":134,"column":10},"end":{"line":134,"column":30}},"type":"binary-expr","locations":[{"start":{"line":134,"column":10},"end":{"line":134,"column":16}},{"start":{"line":134,"column":20},"end":{"line":134,"column":30}}],"line":134}},"s":{"0":4,"1":4,"2":0,"3":0,"4":0,"5":0,"6":0,"7":0,"8":0,"9":0,"10":0,"11":0,"12":0,"13":0,"14":0,"15":0,"16":0,"17":0,"18":0,"19":2,"20":2,"21":2,"22":2,"23":2,"24":0,"25":2,"26":0,"27":2,"28":2,"29":2,"30":1,"31":1,"32":2,"33":2,"34":2,"35":2,"36":1,"37":1,"38":1,"39":1,"40":1,"41":1,"42":1,"43":0,"44":1,"45":1,"46":0,"47":1,"48":1,"49":1,"50":1,"51":0,"52":1,"53":1,"54":1,"55":1,"56":1,"57":1,"58":1,"59":0,"60":1,"61":0,"62":1,"63":1,"64":0,"65":4},"f":{"0":0,"1":0,"2":2,"3":2,"4":1,"5":1,"6":1},"b":{"0":[0,2],"1":[0,2],"2":[2,0],"3":[1,1],"4":[0,1],"5":[0,1],"6":[0,1],"7":[0,1],"8":[1,1]},"_coverageSchema":"1a1c01bbd47fc00a2c39e90264f33305004495a9","hash":"e30e77e65d3f47550b979fa3a51c7a07c45102b2"}
,"D:\\hacktiv8\\Fase 3\\C-ART\\c-art_api\\services\\app\\controllers\\order.js": {"path":"D:\\hacktiv8\\Fase 3\\C-ART\\c-art_api\\services\\app\\controllers\\order.js","statementMap":{"0":{"start":{"line":1,"column":23},"end":{"line":1,"column":43}},"1":{"start":{"line":2,"column":23},"end":{"line":2,"column":49}},"2":{"start":{"line":6,"column":8},"end":{"line":23,"column":9}},"3":{"start":{"line":7,"column":31},"end":{"line":7,"column":42}},"4":{"start":{"line":8,"column":38},"end":{"line":8,"column":46}},"5":{"start":{"line":9,"column":12},"end":{"line":9,"column":55}},"6":{"start":{"line":9,"column":24},"end":{"line":9,"column":55}},"7":{"start":{"line":11,"column":31},"end":{"line":11,"column":56}},"8":{"start":{"line":13,"column":12},"end":{"line":13,"column":90}},"9":{"start":{"line":13,"column":59},"end":{"line":13,"column":90}},"10":{"start":{"line":15,"column":29},"end":{"line":17,"column":14}},"11":{"start":{"line":19,"column":12},"end":{"line":19,"column":43}},"12":{"start":{"line":22,"column":12},"end":{"line":22,"column":23}},"13":{"start":{"line":28,"column":8},"end":{"line":67,"column":9}},"14":{"start":{"line":29,"column":27},"end":{"line":29,"column":37}},"15":{"start":{"line":30,"column":26},"end":{"line":30,"column":40}},"16":{"start":{"line":31,"column":12},"end":{"line":31,"column":48}},"17":{"start":{"line":31,"column":21},"end":{"line":31,"column":48}},"18":{"start":{"line":33,"column":26},"end":{"line":40,"column":14}},"19":{"start":{"line":42,"column":23},"end":{"line":46,"column":14}},"20":{"start":{"line":48,"column":28},"end":{"line":60,"column":13}},"21":{"start":{"line":62,"column":34},"end":{"line":62,"column":73}},"22":{"start":{"line":63,"column":12},"end":{"line":63,"column":48}},"23":{"start":{"line":66,"column":12},"end":{"line":66,"column":23}},"24":{"start":{"line":71,"column":8},"end":{"line":81,"column":9}},"25":{"start":{"line":72,"column":27},"end":{"line":72,"column":37}},"26":{"start":{"line":74,"column":12},"end":{"line":74,"column":69}},"27":{"start":{"line":75,"column":12},"end":{"line":77,"column":14}},"28":{"start":{"line":80,"column":12},"end":{"line":80,"column":23}},"29":{"start":{"line":85,"column":8},"end":{"line":98,"column":9}},"30":{"start":{"line":86,"column":31},"end":{"line":86,"column":42}},"31":{"start":{"line":87,"column":27},"end":{"line":94,"column":14}},"32":{"start":{"line":95,"column":12},"end":{"line":95,"column":40}},"33":{"start":{"line":97,"column":12},"end":{"line":97,"column":23}},"34":{"start":{"line":102,"column":8},"end":{"line":118,"column":9}},"35":{"start":{"line":103,"column":27},"end":{"line":103,"column":37}},"36":{"start":{"line":104,"column":31},"end":{"line":104,"column":42}},"37":{"start":{"line":105,"column":31},"end":{"line":112,"column":14}},"38":{"start":{"line":113,"column":12},"end":{"line":113,"column":56}},"39":{"start":{"line":113,"column":29},"end":{"line":113,"column":56}},"40":{"start":{"line":114,"column":12},"end":{"line":114,"column":44}},"41":{"start":{"line":117,"column":12},"end":{"line":117,"column":23}},"42":{"start":{"line":122,"column":8},"end":{"line":130,"column":9}},"43":{"start":{"line":123,"column":27},"end":{"line":123,"column":37}},"44":{"start":{"line":124,"column":31},"end":{"line":124,"column":42}},"45":{"start":{"line":126,"column":12},"end":{"line":126,"column":62}},"46":{"start":{"line":127,"column":12},"end":{"line":127,"column":87}},"47":{"start":{"line":129,"column":12},"end":{"line":129,"column":23}},"48":{"start":{"line":134,"column":0},"end":{"line":134,"column":32}}},"fnMap":{"0":{"name":"(anonymous_0)","decl":{"start":{"line":5,"column":4},"end":{"line":5,"column":5}},"loc":{"start":{"line":5,"column":45},"end":{"line":25,"column":5}},"line":5},"1":{"name":"(anonymous_1)","decl":{"start":{"line":27,"column":4},"end":{"line":27,"column":5}},"loc":{"start":{"line":27,"column":55},"end":{"line":68,"column":5}},"line":27},"2":{"name":"(anonymous_2)","decl":{"start":{"line":70,"column":4},"end":{"line":70,"column":5}},"loc":{"start":{"line":70,"column":50},"end":{"line":82,"column":5}},"line":70},"3":{"name":"(anonymous_3)","decl":{"start":{"line":84,"column":4},"end":{"line":84,"column":5}},"loc":{"start":{"line":84,"column":46},"end":{"line":99,"column":5}},"line":84},"4":{"name":"(anonymous_4)","decl":{"start":{"line":101,"column":4},"end":{"line":101,"column":5}},"loc":{"start":{"line":101,"column":45},"end":{"line":119,"column":5}},"line":101},"5":{"name":"(anonymous_5)","decl":{"start":{"line":121,"column":4},"end":{"line":121,"column":5}},"loc":{"start":{"line":121,"column":45},"end":{"line":131,"column":5}},"line":121}},"branchMap":{"0":{"loc":{"start":{"line":9,"column":12},"end":{"line":9,"column":55}},"type":"if","locations":[{"start":{"line":9,"column":12},"end":{"line":9,"column":55}},{"start":{},"end":{}}],"line":9},"1":{"loc":{"start":{"line":13,"column":12},"end":{"line":13,"column":90}},"type":"if","locations":[{"start":{"line":13,"column":12},"end":{"line":13,"column":90}},{"start":{},"end":{}}],"line":13},"2":{"loc":{"start":{"line":13,"column":16},"end":{"line":13,"column":57}},"type":"binary-expr","locations":[{"start":{"line":13,"column":16},"end":{"line":13,"column":27}},{"start":{"line":13,"column":31},"end":{"line":13,"column":42}},{"start":{"line":13,"column":46},"end":{"line":13,"column":57}}],"line":13},"3":{"loc":{"start":{"line":31,"column":12},"end":{"line":31,"column":48}},"type":"if","locations":[{"start":{"line":31,"column":12},"end":{"line":31,"column":48}},{"start":{},"end":{}}],"line":31},"4":{"loc":{"start":{"line":113,"column":12},"end":{"line":113,"column":56}},"type":"if","locations":[{"start":{"line":113,"column":12},"end":{"line":113,"column":56}},{"start":{},"end":{}}],"line":113}},"s":{"0":4,"1":4,"2":5,"3":5,"4":5,"5":5,"6":1,"7":4,"8":4,"9":2,"10":2,"11":2,"12":3,"13":2,"14":2,"15":2,"16":2,"17":0,"18":2,"19":1,"20":1,"21":1,"22":1,"23":1,"24":2,"25":2,"26":2,"27":1,"28":1,"29":3,"30":3,"31":3,"32":2,"33":1,"34":3,"35":3,"36":3,"37":3,"38":3,"39":1,"40":2,"41":1,"42":2,"43":2,"44":2,"45":2,"46":1,"47":1,"48":4},"f":{"0":5,"1":2,"2":2,"3":3,"4":3,"5":2},"b":{"0":[1,4],"1":[2,2],"2":[4,4,3],"3":[0,2],"4":[1,2]},"_coverageSchema":"1a1c01bbd47fc00a2c39e90264f33305004495a9","hash":"bf39d5f53a82cd13856054052b86ecdc7baba12b"}
,"D:\\hacktiv8\\Fase 3\\C-ART\\c-art_api\\services\\app\\middlewares\\authentication.js": {"path":"D:\\hacktiv8\\Fase 3\\C-ART\\c-art_api\\services\\app\\middlewares\\authentication.js","statementMap":{"0":{"start":{"line":2,"column":2},"end":{"line":11,"column":3}},"1":{"start":{"line":3,"column":62},"end":{"line":3,"column":73}},"2":{"start":{"line":4,"column":4},"end":{"line":6,"column":5}},"3":{"start":{"line":5,"column":6},"end":{"line":5,"column":33}},"4":{"start":{"line":7,"column":4},"end":{"line":7,"column":51}},"5":{"start":{"line":8,"column":4},"end":{"line":8,"column":11}},"6":{"start":{"line":10,"column":4},"end":{"line":10,"column":14}},"7":{"start":{"line":14,"column":0},"end":{"line":14,"column":32}}},"fnMap":{"0":{"name":"authentication","decl":{"start":{"line":1,"column":15},"end":{"line":1,"column":29}},"loc":{"start":{"line":1,"column":46},"end":{"line":12,"column":1}},"line":1}},"branchMap":{"0":{"loc":{"start":{"line":4,"column":4},"end":{"line":6,"column":5}},"type":"if","locations":[{"start":{"line":4,"column":4},"end":{"line":6,"column":5}},{"start":{},"end":{}}],"line":4}},"s":{"0":36,"1":36,"2":36,"3":7,"4":29,"5":29,"6":7,"7":4},"f":{"0":36},"b":{"0":[7,29]},"_coverageSchema":"1a1c01bbd47fc00a2c39e90264f33305004495a9","hash":"5a7946d9671681a03c5d01501e87b74761c15e29"}
,"D:\\hacktiv8\\Fase 3\\C-ART\\c-art_api\\services\\app\\middlewares\\authorization.js": {"path":"D:\\hacktiv8\\Fase 3\\C-ART\\c-art_api\\services\\app\\middlewares\\authorization.js","statementMap":{"0":{"start":{"line":1,"column":23},"end":{"line":1,"column":43}},"1":{"start":{"line":3,"column":22},"end":{"line":16,"column":1}},"2":{"start":{"line":4,"column":4},"end":{"line":15,"column":5}},"3":{"start":{"line":5,"column":25},"end":{"line":5,"column":36}},"4":{"start":{"line":6,"column":23},"end":{"line":6,"column":33}},"5":{"start":{"line":8,"column":20},"end":{"line":8,"column":56}},"6":{"start":{"line":9,"column":8},"end":{"line":9,"column":45}},"7":{"start":{"line":9,"column":18},"end":{"line":9,"column":45}},"8":{"start":{"line":10,"column":8},"end":{"line":10,"column":68}},"9":{"start":{"line":10,"column":38},"end":{"line":10,"column":68}},"10":{"start":{"line":11,"column":8},"end":{"line":11,"column":14}},"11":{"start":{"line":14,"column":8},"end":{"line":14,"column":19}},"12":{"start":{"line":18,"column":27},"end":{"line":27,"column":1}},"13":{"start":{"line":19,"column":4},"end":{"line":26,"column":5}},"14":{"start":{"line":20,"column":26},"end":{"line":20,"column":34}},"15":{"start":{"line":21,"column":8},"end":{"line":21,"column":65}},"16":{"start":{"line":21,"column":34},"end":{"line":21,"column":65}},"17":{"start":{"line":23,"column":8},"end":{"line":23,"column":14}},"18":{"start":{"line":25,"column":8},"end":{"line":25,"column":19}},"19":{"start":{"line":29,"column":27},"end":{"line":40,"column":1}},"20":{"start":{"line":30,"column":4},"end":{"line":39,"column":5}},"21":{"start":{"line":31,"column":32},"end":{"line":31,"column":42}},"22":{"start":{"line":32,"column":31},"end":{"line":32,"column":39}},"23":{"start":{"line":33,"column":22},"end":{"line":33,"column":51}},"24":{"start":{"line":34,"column":8},"end":{"line":34,"column":47}},"25":{"start":{"line":34,"column":20},"end":{"line":34,"column":47}},"26":{"start":{"line":35,"column":8},"end":{"line":35,"column":84}},"27":{"start":{"line":35,"column":40},"end":{"line":35,"column":84}},"28":{"start":{"line":36,"column":8},"end":{"line":36,"column":14}},"29":{"start":{"line":38,"column":8},"end":{"line":38,"column":19}},"30":{"start":{"line":42,"column":0},"end":{"line":42,"column":74}}},"fnMap":{"0":{"name":"(anonymous_0)","decl":{"start":{"line":3,"column":22},"end":{"line":3,"column":23}},"loc":{"start":{"line":3,"column":48},"end":{"line":16,"column":1}},"line":3},"1":{"name":"(anonymous_1)","decl":{"start":{"line":18,"column":27},"end":{"line":18,"column":28}},"loc":{"start":{"line":18,"column":53},"end":{"line":27,"column":1}},"line":18},"2":{"name":"(anonymous_2)","decl":{"start":{"line":29,"column":27},"end":{"line":29,"column":28}},"loc":{"start":{"line":29,"column":53},"end":{"line":40,"column":1}},"line":29}},"branchMap":{"0":{"loc":{"start":{"line":9,"column":8},"end":{"line":9,"column":45}},"type":"if","locations":[{"start":{"line":9,"column":8},"end":{"line":9,"column":45}},{"start":{},"end":{}}],"line":9},"1":{"loc":{"start":{"line":10,"column":8},"end":{"line":10,"column":68}},"type":"if","locations":[{"start":{"line":10,"column":8},"end":{"line":10,"column":68}},{"start":{},"end":{}}],"line":10},"2":{"loc":{"start":{"line":21,"column":8},"end":{"line":21,"column":65}},"type":"if","locations":[{"start":{"line":21,"column":8},"end":{"line":21,"column":65}},{"start":{},"end":{}}],"line":21},"3":{"loc":{"start":{"line":21,"column":12},"end":{"line":21,"column":32}},"type":"binary-expr","locations":[{"start":{"line":21,"column":12},"end":{"line":21,"column":18}},{"start":{"line":21,"column":22},"end":{"line":21,"column":32}}],"line":21},"4":{"loc":{"start":{"line":34,"column":8},"end":{"line":34,"column":47}},"type":"if","locations":[{"start":{"line":34,"column":8},"end":{"line":34,"column":47}},{"start":{},"end":{}}],"line":34},"5":{"loc":{"start":{"line":35,"column":8},"end":{"line":35,"column":84}},"type":"if","locations":[{"start":{"line":35,"column":8},"end":{"line":35,"column":84}},{"start":{},"end":{}}],"line":35}},"s":{"0":4,"1":4,"2":8,"3":8,"4":8,"5":8,"6":8,"7":3,"8":5,"9":0,"10":5,"11":3,"12":4,"13":3,"14":3,"15":3,"16":2,"17":1,"18":2,"19":4,"20":8,"21":8,"22":8,"23":8,"24":8,"25":2,"26":6,"27":2,"28":4,"29":4,"30":4},"f":{"0":8,"1":3,"2":8},"b":{"0":[3,5],"1":[0,5],"2":[2,1],"3":[3,1],"4":[2,6],"5":[2,4]},"_coverageSchema":"1a1c01bbd47fc00a2c39e90264f33305004495a9","hash":"47bbb83f2d216fd43a180ee499919b77f6b79dbc"}
,"D:\\hacktiv8\\Fase 3\\C-ART\\c-art_api\\services\\app\\middlewares\\errorhandler.js": {"path":"D:\\hacktiv8\\Fase 3\\C-ART\\c-art_api\\services\\app\\middlewares\\errorhandler.js","statementMap":{"0":{"start":{"line":3,"column":21},"end":{"line":49,"column":1}},"1":{"start":{"line":4,"column":17},"end":{"line":4,"column":20}},"2":{"start":{"line":5,"column":18},"end":{"line":5,"column":41}},"3":{"start":{"line":6,"column":4},"end":{"line":6,"column":21}},"4":{"start":{"line":7,"column":4},"end":{"line":45,"column":5}},"5":{"start":{"line":9,"column":12},"end":{"line":9,"column":24}},"6":{"start":{"line":10,"column":12},"end":{"line":10,"column":33}},"7":{"start":{"line":11,"column":12},"end":{"line":11,"column":18}},"8":{"start":{"line":14,"column":12},"end":{"line":14,"column":24}},"9":{"start":{"line":15,"column":12},"end":{"line":15,"column":43}},"10":{"start":{"line":16,"column":12},"end":{"line":16,"column":18}},"11":{"start":{"line":19,"column":12},"end":{"line":19,"column":24}},"12":{"start":{"line":20,"column":12},"end":{"line":20,"column":64}},"13":{"start":{"line":21,"column":12},"end":{"line":21,"column":18}},"14":{"start":{"line":24,"column":12},"end":{"line":24,"column":24}},"15":{"start":{"line":25,"column":12},"end":{"line":25,"column":57}},"16":{"start":{"line":26,"column":12},"end":{"line":26,"column":18}},"17":{"start":{"line":29,"column":12},"end":{"line":29,"column":24}},"18":{"start":{"line":30,"column":12},"end":{"line":30,"column":57}},"19":{"start":{"line":31,"column":12},"end":{"line":31,"column":18}},"20":{"start":{"line":34,"column":12},"end":{"line":34,"column":24}},"21":{"start":{"line":35,"column":12},"end":{"line":35,"column":42}},"22":{"start":{"line":36,"column":12},"end":{"line":36,"column":18}},"23":{"start":{"line":39,"column":12},"end":{"line":39,"column":24}},"24":{"start":{"line":40,"column":12},"end":{"line":40,"column":63}},"25":{"start":{"line":41,"column":12},"end":{"line":41,"column":18}},"26":{"start":{"line":44,"column":12},"end":{"line":44,"column":18}},"27":{"start":{"line":48,"column":4},"end":{"line":48,"column":48}},"28":{"start":{"line":52,"column":0},"end":{"line":52,"column":29}}},"fnMap":{"0":{"name":"(anonymous_0)","decl":{"start":{"line":3,"column":21},"end":{"line":3,"column":22}},"loc":{"start":{"line":3,"column":46},"end":{"line":49,"column":1}},"line":3}},"branchMap":{"0":{"loc":{"start":{"line":7,"column":4},"end":{"line":45,"column":5}},"type":"switch","locations":[{"start":{"line":8,"column":8},"end":{"line":11,"column":18}},{"start":{"line":12,"column":8},"end":{"line":12,"column":40}},{"start":{"line":13,"column":8},"end":{"line":16,"column":18}},{"start":{"line":18,"column":8},"end":{"line":21,"column":18}},{"start":{"line":23,"column":8},"end":{"line":26,"column":18}},{"start":{"line":28,"column":8},"end":{"line":31,"column":18}},{"start":{"line":33,"column":8},"end":{"line":36,"column":18}},{"start":{"line":38,"column":8},"end":{"line":41,"column":18}},{"start":{"line":43,"column":8},"end":{"line":44,"column":18}}],"line":7}},"s":{"0":4,"1":29,"2":29,"3":29,"4":29,"5":8,"6":8,"7":8,"8":0,"9":0,"10":0,"11":0,"12":0,"13":0,"14":3,"15":3,"16":3,"17":2,"18":2,"19":2,"20":7,"21":7,"22":7,"23":2,"24":2,"25":2,"26":7,"27":29,"28":4},"f":{"0":29},"b":{"0":[8,0,0,0,3,2,7,2,7]},"_coverageSchema":"1a1c01bbd47fc00a2c39e90264f33305004495a9","hash":"456969537c1bae62700c56aef72c16933ec120e9"}
,"D:\\hacktiv8\\Fase 3\\C-ART\\c-art_api\\services\\app\\middlewares\\multer.js": {"path":"D:\\hacktiv8\\Fase 3\\C-ART\\c-art_api\\services\\app\\middlewares\\multer.js","statementMap":{"0":{"start":{"line":1,"column":30},"end":{"line":1,"column":66}},"1":{"start":{"line":2,"column":15},"end":{"line":2,"column":32}},"2":{"start":{"line":3,"column":19},"end":{"line":3,"column":50}},"3":{"start":{"line":4,"column":13},"end":{"line":4,"column":28}},"4":{"start":{"line":5,"column":24},"end":{"line":5,"column":58}},"5":{"start":{"line":6,"column":19},"end":{"line":6,"column":86}},"6":{"start":{"line":25,"column":19},"end":{"line":37,"column":2}},"7":{"start":{"line":45,"column":0},"end":{"line":45,"column":27}}},"fnMap":{},"branchMap":{},"s":{"0":4,"1":4,"2":4,"3":4,"4":4,"5":4,"6":4,"7":4},"f":{},"b":{},"_coverageSchema":"1a1c01bbd47fc00a2c39e90264f33305004495a9","hash":"3c4f46461d61657d8fc0057c02cd333a68550bfa"}
,"D:\\hacktiv8\\Fase 3\\C-ART\\c-art_api\\services\\app\\models\\art.js": {"path":"D:\\hacktiv8\\Fase 3\\C-ART\\c-art_api\\services\\app\\models\\art.js","statementMap":{"0":{"start":{"line":4,"column":4},"end":{"line":4,"column":24}},"1":{"start":{"line":5,"column":0},"end":{"line":82,"column":2}},"2":{"start":{"line":8,"column":6},"end":{"line":8,"column":33}},"3":{"start":{"line":9,"column":6},"end":{"line":9,"column":36}},"4":{"start":{"line":10,"column":6},"end":{"line":10,"column":56}},"5":{"start":{"line":13,"column":2},"end":{"line":80,"column":5}},"6":{"start":{"line":81,"column":2},"end":{"line":81,"column":13}}},"fnMap":{"0":{"name":"(anonymous_0)","decl":{"start":{"line":5,"column":17},"end":{"line":5,"column":18}},"loc":{"start":{"line":5,"column":43},"end":{"line":82,"column":1}},"line":5},"1":{"name":"(anonymous_1)","decl":{"start":{"line":7,"column":4},"end":{"line":7,"column":5}},"loc":{"start":{"line":7,"column":29},"end":{"line":11,"column":5}},"line":7}},"branchMap":{},"s":{"0":4,"1":4,"2":4,"3":4,"4":4,"5":4,"6":4},"f":{"0":4,"1":4},"b":{},"_coverageSchema":"1a1c01bbd47fc00a2c39e90264f33305004495a9","hash":"54d0c10de0f21651e7ee52452414a6c78e3ffe77"}
,"D:\\hacktiv8\\Fase 3\\C-ART\\c-art_api\\services\\app\\models\\category.js": {"path":"D:\\hacktiv8\\Fase 3\\C-ART\\c-art_api\\services\\app\\models\\category.js","statementMap":{"0":{"start":{"line":4,"column":4},"end":{"line":4,"column":24}},"1":{"start":{"line":5,"column":0},"end":{"line":30,"column":2}},"2":{"start":{"line":9,"column":6},"end":{"line":9,"column":34}},"3":{"start":{"line":12,"column":2},"end":{"line":28,"column":5}},"4":{"start":{"line":29,"column":2},"end":{"line":29,"column":18}}},"fnMap":{"0":{"name":"(anonymous_0)","decl":{"start":{"line":5,"column":17},"end":{"line":5,"column":18}},"loc":{"start":{"line":5,"column":43},"end":{"line":30,"column":1}},"line":5},"1":{"name":"(anonymous_1)","decl":{"start":{"line":7,"column":4},"end":{"line":7,"column":5}},"loc":{"start":{"line":7,"column":29},"end":{"line":10,"column":5}},"line":7}},"branchMap":{},"s":{"0":4,"1":4,"2":4,"3":4,"4":4},"f":{"0":4,"1":4},"b":{},"_coverageSchema":"1a1c01bbd47fc00a2c39e90264f33305004495a9","hash":"8d6024fcccf58848262fd3d57c2fce5181f5d443"}
,"D:\\hacktiv8\\Fase 3\\C-ART\\c-art_api\\services\\app\\models\\chat.js": {"path":"D:\\hacktiv8\\Fase 3\\C-ART\\c-art_api\\services\\app\\models\\chat.js","statementMap":{"0":{"start":{"line":4,"column":4},"end":{"line":4,"column":24}},"1":{"start":{"line":5,"column":0},"end":{"line":21,"column":2}},"2":{"start":{"line":11,"column":2},"end":{"line":19,"column":5}},"3":{"start":{"line":20,"column":2},"end":{"line":20,"column":14}}},"fnMap":{"0":{"name":"(anonymous_0)","decl":{"start":{"line":5,"column":17},"end":{"line":5,"column":18}},"loc":{"start":{"line":5,"column":43},"end":{"line":21,"column":1}},"line":5},"1":{"name":"(anonymous_1)","decl":{"start":{"line":7,"column":4},"end":{"line":7,"column":5}},"loc":{"start":{"line":7,"column":29},"end":{"line":9,"column":5}},"line":7}},"branchMap":{},"s":{"0":4,"1":4,"2":4,"3":4},"f":{"0":4,"1":4},"b":{},"_coverageSchema":"1a1c01bbd47fc00a2c39e90264f33305004495a9","hash":"8965d28726c574ec4160c1c2b19719f882f0c15a"}
,"D:\\hacktiv8\\Fase 3\\C-ART\\c-art_api\\services\\app\\models\\community.js": {"path":"D:\\hacktiv8\\Fase 3\\C-ART\\c-art_api\\services\\app\\models\\community.js","statementMap":{"0":{"start":{"line":4,"column":4},"end":{"line":4,"column":24}},"1":{"start":{"line":5,"column":0},"end":{"line":23,"column":2}},"2":{"start":{"line":16,"column":2},"end":{"line":21,"column":5}},"3":{"start":{"line":22,"column":2},"end":{"line":22,"column":19}}},"fnMap":{"0":{"name":"(anonymous_0)","decl":{"start":{"line":5,"column":17},"end":{"line":5,"column":18}},"loc":{"start":{"line":5,"column":43},"end":{"line":23,"column":1}},"line":5},"1":{"name":"(anonymous_1)","decl":{"start":{"line":12,"column":4},"end":{"line":12,"column":5}},"loc":{"start":{"line":12,"column":29},"end":{"line":14,"column":5}},"line":12}},"branchMap":{},"s":{"0":4,"1":4,"2":4,"3":4},"f":{"0":4,"1":4},"b":{},"_coverageSchema":"1a1c01bbd47fc00a2c39e90264f33305004495a9","hash":"e183a741abd24e8dee0b3c9756f45fba0f80330f"}
,"D:\\hacktiv8\\Fase 3\\C-ART\\c-art_api\\services\\app\\models\\index.js": {"path":"D:\\hacktiv8\\Fase 3\\C-ART\\c-art_api\\services\\app\\models\\index.js","statementMap":{"0":{"start":{"line":3,"column":11},"end":{"line":3,"column":24}},"1":{"start":{"line":4,"column":13},"end":{"line":4,"column":28}},"2":{"start":{"line":5,"column":18},"end":{"line":5,"column":38}},"3":{"start":{"line":6,"column":16},"end":{"line":6,"column":34}},"4":{"start":{"line":7,"column":17},"end":{"line":7,"column":42}},"5":{"start":{"line":8,"column":12},"end":{"line":8,"column":49}},"6":{"start":{"line":9,"column":15},"end":{"line":9,"column":65}},"7":{"start":{"line":10,"column":11},"end":{"line":10,"column":13}},"8":{"start":{"line":13,"column":0},"end":{"line":17,"column":1}},"9":{"start":{"line":14,"column":2},"end":{"line":14,"column":74}},"10":{"start":{"line":16,"column":2},"end":{"line":16,"column":87}},"11":{"start":{"line":19,"column":0},"end":{"line":27,"column":5}},"12":{"start":{"line":22,"column":4},"end":{"line":22,"column":90}},"13":{"start":{"line":25,"column":18},"end":{"line":25,"column":85}},"14":{"start":{"line":26,"column":4},"end":{"line":26,"column":27}},"15":{"start":{"line":29,"column":0},"end":{"line":33,"column":3}},"16":{"start":{"line":30,"column":2},"end":{"line":32,"column":3}},"17":{"start":{"line":31,"column":4},"end":{"line":31,"column":32}},"18":{"start":{"line":35,"column":0},"end":{"line":35,"column":25}},"19":{"start":{"line":36,"column":0},"end":{"line":36,"column":25}},"20":{"start":{"line":38,"column":0},"end":{"line":38,"column":20}}},"fnMap":{"0":{"name":"(anonymous_0)","decl":{"start":{"line":21,"column":10},"end":{"line":21,"column":11}},"loc":{"start":{"line":21,"column":18},"end":{"line":23,"column":3}},"line":21},"1":{"name":"(anonymous_1)","decl":{"start":{"line":24,"column":11},"end":{"line":24,"column":12}},"loc":{"start":{"line":24,"column":19},"end":{"line":27,"column":3}},"line":24},"2":{"name":"(anonymous_2)","decl":{"start":{"line":29,"column":24},"end":{"line":29,"column":25}},"loc":{"start":{"line":29,"column":37},"end":{"line":33,"column":1}},"line":29}},"branchMap":{"0":{"loc":{"start":{"line":8,"column":12},"end":{"line":8,"column":49}},"type":"binary-expr","locations":[{"start":{"line":8,"column":12},"end":{"line":8,"column":32}},{"start":{"line":8,"column":36},"end":{"line":8,"column":49}}],"line":8},"1":{"loc":{"start":{"line":13,"column":0},"end":{"line":17,"column":1}},"type":"if","locations":[{"start":{"line":13,"column":0},"end":{"line":17,"column":1}},{"start":{"line":15,"column":7},"end":{"line":17,"column":1}}],"line":13},"2":{"loc":{"start":{"line":22,"column":11},"end":{"line":22,"column":89}},"type":"binary-expr","locations":[{"start":{"line":22,"column":12},"end":{"line":22,"column":35}},{"start":{"line":22,"column":41},"end":{"line":22,"column":58}},{"start":{"line":22,"column":64},"end":{"line":22,"column":88}}],"line":22},"3":{"loc":{"start":{"line":30,"column":2},"end":{"line":32,"column":3}},"type":"if","locations":[{"start":{"line":30,"column":2},"end":{"line":32,"column":3}},{"start":{},"end":{}}],"line":30}},"s":{"0":4,"1":4,"2":4,"3":4,"4":4,"5":4,"6":4,"7":4,"8":4,"9":0,"10":4,"11":4,"12":32,"13":28,"14":28,"15":4,"16":28,"17":28,"18":4,"19":4,"20":4},"f":{"0":32,"1":28,"2":28},"b":{"0":[4,0],"1":[0,4],"2":[32,32,28],"3":[28,0]},"_coverageSchema":"1a1c01bbd47fc00a2c39e90264f33305004495a9","hash":"94f166b562f4c5c205bc29b59c45f314dd290d72"}
,"D:\\hacktiv8\\Fase 3\\C-ART\\c-art_api\\services\\app\\models\\order.js": {"path":"D:\\hacktiv8\\Fase 3\\C-ART\\c-art_api\\services\\app\\models\\order.js","statementMap":{"0":{"start":{"line":4,"column":4},"end":{"line":4,"column":24}},"1":{"start":{"line":5,"column":0},"end":{"line":67,"column":2}},"2":{"start":{"line":14,"column":6},"end":{"line":14,"column":58}},"3":{"start":{"line":17,"column":2},"end":{"line":65,"column":5}},"4":{"start":{"line":66,"column":2},"end":{"line":66,"column":15}}},"fnMap":{"0":{"name":"(anonymous_0)","decl":{"start":{"line":5,"column":17},"end":{"line":5,"column":18}},"loc":{"start":{"line":5,"column":43},"end":{"line":67,"column":1}},"line":5},"1":{"name":"(anonymous_1)","decl":{"start":{"line":12,"column":4},"end":{"line":12,"column":5}},"loc":{"start":{"line":12,"column":29},"end":{"line":15,"column":5}},"line":12}},"branchMap":{},"s":{"0":4,"1":4,"2":4,"3":4,"4":4},"f":{"0":4,"1":4},"b":{},"_coverageSchema":"1a1c01bbd47fc00a2c39e90264f33305004495a9","hash":"5f1af6b10eec0488ff52dba22cc4f5cff82d80ab"}
,"D:\\hacktiv8\\Fase 3\\C-ART\\c-art_api\\services\\app\\models\\preview.js": {"path":"D:\\hacktiv8\\Fase 3\\C-ART\\c-art_api\\services\\app\\models\\preview.js","statementMap":{"0":{"start":{"line":4,"column":4},"end":{"line":4,"column":24}},"1":{"start":{"line":5,"column":0},"end":{"line":27,"column":2}},"2":{"start":{"line":13,"column":6},"end":{"line":13,"column":35}},"3":{"start":{"line":16,"column":2},"end":{"line":25,"column":5}},"4":{"start":{"line":26,"column":2},"end":{"line":26,"column":17}}},"fnMap":{"0":{"name":"(anonymous_0)","decl":{"start":{"line":5,"column":17},"end":{"line":5,"column":18}},"loc":{"start":{"line":5,"column":43},"end":{"line":27,"column":1}},"line":5},"1":{"name":"(anonymous_1)","decl":{"start":{"line":12,"column":4},"end":{"line":12,"column":5}},"loc":{"start":{"line":12,"column":29},"end":{"line":14,"column":5}},"line":12}},"branchMap":{},"s":{"0":4,"1":4,"2":4,"3":4,"4":4},"f":{"0":4,"1":4},"b":{},"_coverageSchema":"1a1c01bbd47fc00a2c39e90264f33305004495a9","hash":"a241d3471aa62407f149a06571c6ae20ff6188ba"}
,"D:\\hacktiv8\\Fase 3\\C-ART\\c-art_api\\services\\app\\models\\usercommunity.js": {"path":"D:\\hacktiv8\\Fase 3\\C-ART\\c-art_api\\services\\app\\models\\usercommunity.js","statementMap":{"0":{"start":{"line":4,"column":4},"end":{"line":4,"column":24}},"1":{"start":{"line":5,"column":0},"end":{"line":24,"column":2}},"2":{"start":{"line":16,"column":2},"end":{"line":22,"column":5}},"3":{"start":{"line":23,"column":2},"end":{"line":23,"column":23}}},"fnMap":{"0":{"name":"(anonymous_0)","decl":{"start":{"line":5,"column":17},"end":{"line":5,"column":18}},"loc":{"start":{"line":5,"column":43},"end":{"line":24,"column":1}},"line":5},"1":{"name":"(anonymous_1)","decl":{"start":{"line":12,"column":4},"end":{"line":12,"column":5}},"loc":{"start":{"line":12,"column":29},"end":{"line":14,"column":5}},"line":12}},"branchMap":{},"s":{"0":4,"1":4,"2":4,"3":4},"f":{"0":4,"1":4},"b":{},"_coverageSchema":"1a1c01bbd47fc00a2c39e90264f33305004495a9","hash":"6492d738a951681315a6ddaca3f740626062e59f"}
,"D:\\hacktiv8\\Fase 3\\C-ART\\c-art_api\\services\\app\\routes\\category.js": {"path":"D:\\hacktiv8\\Fase 3\\C-ART\\c-art_api\\services\\app\\routes\\category.js","statementMap":{"0":{"start":{"line":1,"column":15},"end":{"line":1,"column":42}},"1":{"start":{"line":2,"column":27},"end":{"line":2,"column":61}},"2":{"start":{"line":4,"column":0},"end":{"line":4,"column":41}},"3":{"start":{"line":6,"column":0},"end":{"line":6,"column":23}}},"fnMap":{},"branchMap":{},"s":{"0":4,"1":4,"2":4,"3":4},"f":{},"b":{},"_coverageSchema":"1a1c01bbd47fc00a2c39e90264f33305004495a9","hash":"7bb9ec04608a69ab65ede195808476a22f0f5282"}
,"D:\\hacktiv8\\Fase 3\\C-ART\\c-art_api\\services\\app\\routes\\chat.js": {"path":"D:\\hacktiv8\\Fase 3\\C-ART\\c-art_api\\services\\app\\routes\\chat.js","statementMap":{"0":{"start":{"line":1,"column":15},"end":{"line":1,"column":42}},"1":{"start":{"line":3,"column":23},"end":{"line":3,"column":53}},"2":{"start":{"line":5,"column":0},"end":{"line":5,"column":50}},"3":{"start":{"line":6,"column":0},"end":{"line":6,"column":44}},"4":{"start":{"line":8,"column":0},"end":{"line":8,"column":23}}},"fnMap":{},"branchMap":{},"s":{"0":4,"1":4,"2":4,"3":4,"4":4},"f":{},"b":{},"_coverageSchema":"1a1c01bbd47fc00a2c39e90264f33305004495a9","hash":"b3ef90198df60662c0f5f47f43170c2a84e337b8"}
,"D:\\hacktiv8\\Fase 3\\C-ART\\c-art_api\\services\\app\\routes\\community.js": {"path":"D:\\hacktiv8\\Fase 3\\C-ART\\c-art_api\\services\\app\\routes\\community.js","statementMap":{"0":{"start":{"line":1,"column":15},"end":{"line":1,"column":42}},"1":{"start":{"line":2,"column":28},"end":{"line":2,"column":63}},"2":{"start":{"line":4,"column":0},"end":{"line":4,"column":55}},"3":{"start":{"line":5,"column":0},"end":{"line":5,"column":56}},"4":{"start":{"line":7,"column":0},"end":{"line":7,"column":23}}},"fnMap":{},"branchMap":{},"s":{"0":4,"1":4,"2":4,"3":4,"4":4},"f":{},"b":{},"_coverageSchema":"1a1c01bbd47fc00a2c39e90264f33305004495a9","hash":"ed8829fee79f126356306d32be849e3364d15447"}
,"D:\\hacktiv8\\Fase 3\\C-ART\\c-art_api\\services\\app\\routes\\index.js": {"path":"D:\\hacktiv8\\Fase 3\\C-ART\\c-art_api\\services\\app\\routes\\index.js","statementMap":{"0":{"start":{"line":1,"column":15},"end":{"line":1,"column":42}},"1":{"start":{"line":2,"column":19},"end":{"line":2,"column":36}},"2":{"start":{"line":3,"column":18},"end":{"line":3,"column":39}},"3":{"start":{"line":4,"column":23},"end":{"line":4,"column":44}},"4":{"start":{"line":5,"column":20},"end":{"line":5,"column":38}},"5":{"start":{"line":6,"column":24},"end":{"line":6,"column":46}},"6":{"start":{"line":8,"column":0},"end":{"line":8,"column":30}},"7":{"start":{"line":9,"column":0},"end":{"line":9,"column":32}},"8":{"start":{"line":10,"column":0},"end":{"line":10,"column":41}},"9":{"start":{"line":11,"column":0},"end":{"line":11,"column":34}},"10":{"start":{"line":12,"column":0},"end":{"line":12,"column":43}},"11":{"start":{"line":14,"column":0},"end":{"line":14,"column":23}}},"fnMap":{},"branchMap":{},"s":{"0":4,"1":4,"2":4,"3":4,"4":4,"5":4,"6":4,"7":4,"8":4,"9":4,"10":4,"11":4},"f":{},"b":{},"_coverageSchema":"1a1c01bbd47fc00a2c39e90264f33305004495a9","hash":"02c5145199ac906d4c4278d81facc468d782227a"}
,"D:\\hacktiv8\\Fase 3\\C-ART\\c-art_api\\services\\app\\routes\\order.js": {"path":"D:\\hacktiv8\\Fase 3\\C-ART\\c-art_api\\services\\app\\routes\\order.js","statementMap":{"0":{"start":{"line":1,"column":15},"end":{"line":1,"column":42}},"1":{"start":{"line":2,"column":24},"end":{"line":2,"column":55}},"2":{"start":{"line":3,"column":23},"end":{"line":3,"column":63}},"3":{"start":{"line":4,"column":31},"end":{"line":4,"column":70}},"4":{"start":{"line":6,"column":0},"end":{"line":6,"column":26}},"5":{"start":{"line":7,"column":0},"end":{"line":7,"column":45}},"6":{"start":{"line":8,"column":0},"end":{"line":8,"column":61}},"7":{"start":{"line":9,"column":0},"end":{"line":9,"column":47}},"8":{"start":{"line":10,"column":0},"end":{"line":10,"column":45}},"9":{"start":{"line":12,"column":0},"end":{"line":12,"column":74}},"10":{"start":{"line":13,"column":0},"end":{"line":13,"column":70}},"11":{"start":{"line":15,"column":0},"end":{"line":15,"column":23}}},"fnMap":{},"branchMap":{},"s":{"0":4,"1":4,"2":4,"3":4,"4":4,"5":4,"6":4,"7":4,"8":4,"9":4,"10":4,"11":4},"f":{},"b":{},"_coverageSchema":"1a1c01bbd47fc00a2c39e90264f33305004495a9","hash":"8c51c4407f3066dc82128122b5dd3a15aaf270f8"}
,"D:\\hacktiv8\\Fase 3\\C-ART\\c-art_api\\services\\app\\routes\\routeArt.js": {"path":"D:\\hacktiv8\\Fase 3\\C-ART\\c-art_api\\services\\app\\routes\\routeArt.js","statementMap":{"0":{"start":{"line":1,"column":16},"end":{"line":1,"column":34}},"1":{"start":{"line":2,"column":22},"end":{"line":2,"column":61}},"2":{"start":{"line":3,"column":15},"end":{"line":3,"column":31}},"3":{"start":{"line":4,"column":19},"end":{"line":4,"column":51}},"4":{"start":{"line":5,"column":46},"end":{"line":5,"column":85}},"5":{"start":{"line":6,"column":23},"end":{"line":6,"column":63}},"6":{"start":{"line":8,"column":0},"end":{"line":8,"column":38}},"7":{"start":{"line":9,"column":0},"end":{"line":9,"column":43}},"8":{"start":{"line":10,"column":0},"end":{"line":10,"column":26}},"9":{"start":{"line":11,"column":0},"end":{"line":11,"column":78}},"10":{"start":{"line":13,"column":0},"end":{"line":13,"column":61}},"11":{"start":{"line":14,"column":0},"end":{"line":14,"column":66}},"12":{"start":{"line":15,"column":0},"end":{"line":15,"column":80}},"13":{"start":{"line":17,"column":0},"end":{"line":17,"column":23}}},"fnMap":{},"branchMap":{},"s":{"0":4,"1":4,"2":4,"3":4,"4":4,"5":4,"6":4,"7":4,"8":4,"9":4,"10":4,"11":4,"12":4,"13":4},"f":{},"b":{},"_coverageSchema":"1a1c01bbd47fc00a2c39e90264f33305004495a9","hash":"0c31e05e400a8bb516e7191f3cfbb0c7f03eaa05"}
}
