TN:
SF:app.js
FNF:0
FNH:0
DA:1,4
DA:2,4
DA:5,4
DA:6,4
DA:7,4
DA:8,4
DA:9,4
DA:10,4
DA:13,4
DA:17,4
DA:18,4
DA:19,4
DA:20,4
DA:22,4
LF:14
LH:14
BRDA:1,0,0,4
BRDA:1,0,1,0
BRDA:8,1,0,4
BRDA:8,1,1,4
BRF:4
BRH:3
end_of_record
TN:
SF:config\cloudinary.js
FNF:0
FNH:0
DA:1,4
DA:3,4
DA:9,4
LF:3
LH:3
BRF:0
BRH:0
end_of_record
TN:
SF:controllers\category.js
FN:4,(anonymous_0)
FNF:1
FNH:1
FNDA:2,(anonymous_0)
DA:1,4
DA:5,2
DA:6,2
DA:12,1
DA:14,1
DA:19,4
LF:6
LH:6
BRF:0
BRH:0
end_of_record
TN:
SF:controllers\chat.js
FN:5,(anonymous_0)
FN:16,(anonymous_1)
FNF:2
FNH:0
FNDA:0,(anonymous_0)
FNDA:0,(anonymous_1)
DA:1,4
DA:2,4
DA:6,0
DA:7,0
DA:8,0
DA:9,0
DA:11,0
DA:12,0
DA:17,0
DA:18,0
DA:19,0
DA:20,0
DA:21,0
DA:22,0
DA:29,0
DA:30,0
DA:34,0
DA:35,0
DA:37,0
DA:38,0
DA:43,4
LF:21
LH:3
BRF:0
BRH:0
end_of_record
TN:
SF:controllers\community.js
FN:4,(anonymous_0)
FN:18,(anonymous_1)
FNF:2
FNH:2
FNDA:2,(anonymous_0)
FNDA:2,(anonymous_1)
DA:1,4
DA:5,2
DA:6,2
DA:11,1
DA:14,1
DA:19,2
DA:20,2
DA:21,2
DA:28,2
DA:29,1
DA:31,1
DA:36,4
LF:12
LH:12
BRDA:28,0,0,1
BRDA:28,0,1,1
BRF:2
BRH:2
end_of_record
TN:
SF:controllers\controllerArt.js
FN:5,(anonymous_0)
FN:23,(anonymous_1)
FN:41,(anonymous_2)
FN:72,(anonymous_3)
FN:99,(anonymous_4)
FN:115,(anonymous_5)
FN:128,(anonymous_6)
FNF:7
FNH:5
FNDA:0,(anonymous_0)
FNDA:0,(anonymous_1)
FNDA:2,(anonymous_2)
FNDA:2,(anonymous_3)
FNDA:1,(anonymous_4)
FNDA:1,(anonymous_5)
FNDA:1,(anonymous_6)
DA:1,4
DA:2,4
DA:6,0
DA:7,0
DA:8,0
DA:9,0
DA:12,0
DA:22,0
DA:23,0
DA:24,0
DA:25,0
DA:26,0
DA:29,0
DA:31,0
DA:32,0
DA:33,0
DA:35,0
DA:36,0
DA:37,0
DA:42,2
DA:43,2
DA:44,2
DA:53,2
DA:54,2
DA:55,0
DA:57,2
DA:58,0
DA:60,2
DA:61,2
DA:64,2
DA:66,1
DA:68,1
DA:73,2
DA:74,2
DA:75,2
DA:89,2
DA:90,1
DA:93,1
DA:95,1
DA:100,1
DA:101,1
DA:102,1
DA:103,1
DA:106,1
DA:107,1
DA:111,0
DA:116,1
DA:117,1
DA:118,1
DA:119,1
DA:121,1
DA:122,1
DA:129,1
DA:130,1
DA:131,1
DA:132,1
DA:133,1
DA:134,1
DA:136,1
DA:142,1
DA:144,0
DA:149,4
LF:62
LH:41
BRDA:54,0,0,0
BRDA:54,0,1,2
BRDA:57,1,0,0
BRDA:57,1,1,2
BRDA:60,2,0,2
BRDA:60,2,1,0
BRDA:89,3,0,1
BRDA:89,3,1,1
BRDA:103,4,0,0
BRDA:103,4,1,1
BRDA:119,5,0,0
BRDA:119,5,1,1
BRDA:133,6,0,0
BRDA:133,6,1,1
BRDA:134,7,0,0
BRDA:134,7,1,1
BRDA:134,8,0,1
BRDA:134,8,1,1
BRF:18
BRH:11
end_of_record
TN:
SF:controllers\order.js
FN:5,(anonymous_0)
FN:27,(anonymous_1)
FN:70,(anonymous_2)
FN:84,(anonymous_3)
FN:101,(anonymous_4)
FN:121,(anonymous_5)
FNF:6
FNH:6
FNDA:5,(anonymous_0)
FNDA:2,(anonymous_1)
FNDA:2,(anonymous_2)
FNDA:3,(anonymous_3)
FNDA:3,(anonymous_4)
FNDA:2,(anonymous_5)
DA:1,4
DA:2,4
DA:6,5
DA:7,5
DA:8,5
DA:9,5
DA:11,4
DA:13,4
DA:15,2
DA:19,2
DA:22,3
DA:28,2
DA:29,2
DA:30,2
DA:31,2
DA:33,2
DA:42,1
DA:48,1
DA:62,1
DA:63,1
DA:66,1
DA:71,2
DA:72,2
DA:74,2
DA:75,1
DA:80,1
DA:85,3
DA:86,3
DA:87,3
DA:95,2
DA:97,1
DA:102,3
DA:103,3
DA:104,3
DA:105,3
DA:113,3
DA:114,2
DA:117,1
DA:122,2
DA:123,2
DA:124,2
DA:126,2
DA:127,1
DA:129,1
DA:134,4
LF:45
LH:45
BRDA:9,0,0,1
BRDA:9,0,1,4
BRDA:13,1,0,2
BRDA:13,1,1,2
BRDA:13,2,0,4
BRDA:13,2,1,4
BRDA:13,2,2,3
BRDA:31,3,0,0
BRDA:31,3,1,2
BRDA:113,4,0,1
BRDA:113,4,1,2
BRF:11
BRH:10
end_of_record
TN:
SF:middlewares\authentication.js
FN:1,authentication
FNF:1
FNH:1
FNDA:36,authentication
DA:2,36
DA:3,36
DA:4,36
DA:5,7
DA:7,29
DA:8,29
DA:10,7
DA:14,4
LF:8
LH:8
BRDA:4,0,0,7
BRDA:4,0,1,29
BRF:2
BRH:2
end_of_record
TN:
SF:middlewares\authorization.js
FN:3,(anonymous_0)
FN:18,(anonymous_1)
FN:29,(anonymous_2)
FNF:3
FNH:3
FNDA:8,(anonymous_0)
FNDA:3,(anonymous_1)
FNDA:8,(anonymous_2)
DA:1,4
DA:3,4
DA:4,8
DA:5,8
DA:6,8
DA:8,8
DA:9,8
DA:10,5
DA:11,5
DA:14,3
DA:18,4
DA:19,3
DA:20,3
DA:21,3
DA:23,1
DA:25,2
DA:29,4
DA:30,8
DA:31,8
DA:32,8
DA:33,8
DA:34,8
DA:35,6
DA:36,4
DA:38,4
DA:42,4
LF:26
LH:26
BRDA:9,0,0,3
BRDA:9,0,1,5
BRDA:10,1,0,0
BRDA:10,1,1,5
BRDA:21,2,0,2
BRDA:21,2,1,1
BRDA:21,3,0,3
BRDA:21,3,1,1
BRDA:34,4,0,2
BRDA:34,4,1,6
BRDA:35,5,0,2
BRDA:35,5,1,4
BRF:12
BRH:11
end_of_record
TN:
SF:middlewares\errorhandler.js
FN:3,(anonymous_0)
FNF:1
FNH:1
FNDA:29,(anonymous_0)
DA:3,4
DA:4,29
DA:5,29
DA:6,29
DA:7,29
DA:9,8
DA:10,8
DA:11,8
DA:14,0
DA:15,0
DA:16,0
DA:19,0
DA:20,0
DA:21,0
DA:24,3
DA:25,3
DA:26,3
DA:29,2
DA:30,2
DA:31,2
DA:34,7
DA:35,7
DA:36,7
DA:39,2
DA:40,2
DA:41,2
DA:44,7
DA:48,29
DA:52,4
LF:29
LH:23
BRDA:7,0,0,8
BRDA:7,0,1,0
BRDA:7,0,2,0
BRDA:7,0,3,0
BRDA:7,0,4,3
BRDA:7,0,5,2
BRDA:7,0,6,7
BRDA:7,0,7,2
BRDA:7,0,8,7
BRF:9
BRH:6
end_of_record
TN:
SF:middlewares\multer.js
FNF:0
FNH:0
DA:1,4
DA:2,4
DA:3,4
DA:4,4
DA:5,4
DA:6,4
DA:25,4
DA:45,4
LF:8
LH:8
BRF:0
BRH:0
end_of_record
TN:
SF:models\art.js
FN:5,(anonymous_0)
FN:7,(anonymous_1)
FNF:2
FNH:2
FNDA:4,(anonymous_0)
FNDA:4,(anonymous_1)
DA:4,4
DA:5,4
DA:8,4
DA:9,4
DA:10,4
DA:13,4
DA:81,4
LF:7
LH:7
BRF:0
BRH:0
end_of_record
TN:
SF:models\category.js
FN:5,(anonymous_0)
FN:7,(anonymous_1)
FNF:2
FNH:2
FNDA:4,(anonymous_0)
FNDA:4,(anonymous_1)
DA:4,4
DA:5,4
DA:9,4
DA:12,4
DA:29,4
LF:5
LH:5
BRF:0
BRH:0
end_of_record
TN:
SF:models\chat.js
FN:5,(anonymous_0)
FN:7,(anonymous_1)
FNF:2
FNH:2
FNDA:4,(anonymous_0)
FNDA:4,(anonymous_1)
DA:4,4
DA:5,4
DA:11,4
DA:20,4
LF:4
LH:4
BRF:0
BRH:0
end_of_record
TN:
SF:models\community.js
FN:5,(anonymous_0)
FN:12,(anonymous_1)
FNF:2
FNH:2
FNDA:4,(anonymous_0)
FNDA:4,(anonymous_1)
DA:4,4
DA:5,4
DA:16,4
DA:22,4
LF:4
LH:4
BRF:0
BRH:0
end_of_record
TN:
SF:models\index.js
FN:21,(anonymous_0)
FN:24,(anonymous_1)
FN:29,(anonymous_2)
FNF:3
FNH:3
FNDA:32,(anonymous_0)
FNDA:28,(anonymous_1)
FNDA:28,(anonymous_2)
DA:3,4
DA:4,4
DA:5,4
DA:6,4
DA:7,4
DA:8,4
DA:9,4
DA:10,4
DA:13,4
DA:14,0
DA:16,4
DA:19,4
DA:22,32
DA:25,28
DA:26,28
DA:29,4
DA:30,28
DA:31,28
DA:35,4
DA:36,4
DA:38,4
LF:21
LH:20
BRDA:8,0,0,4
BRDA:8,0,1,0
BRDA:13,1,0,0
BRDA:13,1,1,4
BRDA:22,2,0,32
BRDA:22,2,1,32
BRDA:22,2,2,28
BRDA:30,3,0,28
BRDA:30,3,1,0
BRF:9
BRH:6
end_of_record
TN:
SF:models\order.js
FN:5,(anonymous_0)
FN:12,(anonymous_1)
FNF:2
FNH:2
FNDA:4,(anonymous_0)
FNDA:4,(anonymous_1)
DA:4,4
DA:5,4
DA:14,4
DA:17,4
DA:66,4
LF:5
LH:5
BRF:0
BRH:0
end_of_record
TN:
SF:models\preview.js
FN:5,(anonymous_0)
FN:12,(anonymous_1)
FNF:2
FNH:2
FNDA:4,(anonymous_0)
FNDA:4,(anonymous_1)
DA:4,4
DA:5,4
DA:13,4
DA:16,4
DA:26,4
LF:5
LH:5
BRF:0
BRH:0
end_of_record
TN:
SF:models\usercommunity.js
FN:5,(anonymous_0)
FN:12,(anonymous_1)
FNF:2
FNH:2
FNDA:4,(anonymous_0)
FNDA:4,(anonymous_1)
DA:4,4
DA:5,4
DA:16,4
DA:23,4
LF:4
LH:4
BRF:0
BRH:0
end_of_record
TN:
SF:routes\category.js
FNF:0
FNH:0
DA:1,4
DA:2,4
DA:4,4
DA:6,4
LF:4
LH:4
BRF:0
BRH:0
end_of_record
TN:
SF:routes\chat.js
FNF:0
FNH:0
DA:1,4
DA:3,4
DA:5,4
DA:6,4
DA:8,4
LF:5
LH:5
BRF:0
BRH:0
end_of_record
TN:
SF:routes\community.js
FNF:0
FNH:0
DA:1,4
DA:2,4
DA:4,4
DA:5,4
DA:7,4
LF:5
LH:5
BRF:0
BRH:0
end_of_record
TN:
SF:routes\index.js
FNF:0
FNH:0
DA:1,4
DA:2,4
DA:3,4
DA:4,4
DA:5,4
DA:6,4
DA:8,4
DA:9,4
DA:10,4
DA:11,4
DA:12,4
DA:14,4
LF:12
LH:12
BRF:0
BRH:0
end_of_record
TN:
SF:routes\order.js
FNF:0
FNH:0
DA:1,4
DA:2,4
DA:3,4
DA:4,4
DA:6,4
DA:7,4
DA:8,4
DA:9,4
DA:10,4
DA:12,4
DA:13,4
DA:15,4
LF:12
LH:12
BRF:0
BRH:0
end_of_record
TN:
SF:routes\routeArt.js
FNF:0
FNH:0
DA:1,4
DA:2,4
DA:3,4
DA:4,4
DA:5,4
DA:6,4
DA:8,4
DA:9,4
DA:10,4
DA:11,4
DA:13,4
DA:14,4
DA:15,4
DA:17,4
LF:14
LH:14
BRF:0
BRH:0
end_of_record
